;  LST file generated by mikroListExporter - v.2.0 
; Date/Time: 11/21/2016 2:26:22 AM
;----------------------------------------------

;Address Opcode 	ASM
0x0000	0x020036  	LJMP 54
0x0003	0x020000  	LJMP 0
0x0006	0x00      	NOP
0x0007	0x00      	NOP
0x0008	0x00      	NOP
0x0009	0x00      	NOP
0x000A	0x00      	NOP
0x000B	0x020000  	LJMP 0
0x000E	0x00      	NOP
0x000F	0x00      	NOP
0x0010	0x00      	NOP
0x0011	0x00      	NOP
0x0012	0x00      	NOP
0x0013	0x020000  	LJMP 0
0x0016	0x00      	NOP
0x0017	0x00      	NOP
0x0018	0x00      	NOP
0x0019	0x00      	NOP
0x001A	0x00      	NOP
0x001B	0x020000  	LJMP 0
0x001E	0x00      	NOP
0x001F	0x00      	NOP
0x0020	0x00      	NOP
0x0021	0x00      	NOP
0x0022	0x00      	NOP
0x0023	0x020000  	LJMP 0
0x0026	0x00      	NOP
0x0027	0x00      	NOP
0x0028	0x00      	NOP
0x0029	0x00      	NOP
0x002A	0x00      	NOP
0x002B	0x020000  	LJMP 0
___CC2D:
;__Lib_System.c,13 :: 		
;__Lib_System.c,15 :: 		
_CC2D_Loop1:
;__Lib_System.c,16 :: 		
0x002E	0xE4      	CLR A
;__Lib_System.c,17 :: 		
0x002F	0x93      	MOVC A, @A+DPTR
;__Lib_System.c,18 :: 		
0x0030	0xF6      	MOV @R0, A
;__Lib_System.c,19 :: 		
0x0031	0x08      	INC R0
;__Lib_System.c,20 :: 		
0x0032	0xA3      	INC DPTR
;__Lib_System.c,21 :: 		
0x0033	0xD9F9    	DJNZ R1, _CC2D_Loop1
;__Lib_System.c,23 :: 		
0x0035	0x22      	RET
; end of ___CC2D
_main:
0x0036	0x758180  	MOV SP, #128
;Runing_Light.c,4 :: 		void main()
;Runing_Light.c,7 :: 		LEDS = 0x01;
0x0039	0x758001  	MOV P0, #1
;Runing_Light.c,9 :: 		directionFlag = 1;
0x003C	0xD3      	SETB C
0x003D	0xE508    	MOV A, _directionFlag
0x003F	0x92E0    	MOV #224.B0, C
0x0041	0xF508    	MOV _directionFlag, A
;Runing_Light.c,10 :: 		while(1)
L_main0:
;Runing_Light.c,12 :: 		if (directionFlag)
0x0043	0xE508    	MOV A, _directionFlag
0x0045	0x30E00F  	JNB ACC, L_main2
;Runing_Light.c,13 :: 		LEDS = LEDS << 1;
0x0048	0x7801    	MOV R0, #1
0x004A	0xE580    	MOV A, P0
0x004C	0x08      	INC R0
0x004D	0x8002    	SJMP L__main6
L__main7:
0x004F	0xC3      	CLR C
0x0050	0x33      	RLC A
L__main6:
0x0051	0xD8FC    	DJNZ R0, L__main7
0x0053	0xF580    	MOV P0, A
0x0055	0x800D    	SJMP L_main3
L_main2:
;Runing_Light.c,15 :: 		LEDS = LEDS >> 1;
0x0057	0x7801    	MOV R0, #1
0x0059	0xE580    	MOV A, P0
0x005B	0x08      	INC R0
0x005C	0x8002    	SJMP L__main8
L__main9:
0x005E	0xC3      	CLR C
0x005F	0x13      	RRC A
L__main8:
0x0060	0xD8FC    	DJNZ R0, L__main9
0x0062	0xF580    	MOV P0, A
L_main3:
;Runing_Light.c,16 :: 		if (LEDS == 0x80)
0x0064	0xE580    	MOV A, P0
0x0066	0x6480    	XRL A, #128
0x0068	0x7007    	JNZ L_main4
;Runing_Light.c,17 :: 		directionFlag = 0;
0x006A	0xC3      	CLR C
0x006B	0xE508    	MOV A, _directionFlag
0x006D	0x92E0    	MOV #224.B0, C
0x006F	0xF508    	MOV _directionFlag, A
L_main4:
;Runing_Light.c,18 :: 		if (LEDS == 0x01)
0x0071	0xE580    	MOV A, P0
0x0073	0x6401    	XRL A, #1
0x0075	0x7007    	JNZ L_main5
;Runing_Light.c,19 :: 		directionFlag = 1;
0x0077	0xD3      	SETB C
0x0078	0xE508    	MOV A, _directionFlag
0x007A	0x92E0    	MOV #224.B0, C
0x007C	0xF508    	MOV _directionFlag, A
L_main5:
;Runing_Light.c,20 :: 		Delay_ms(100);
0x007E	0x7EA3    	MOV R6, 163
0x0080	0x7F1E    	MOV R7, 30
0x0082	0xDFFE    	DJNZ R7, PC-2
0x0084	0xDEFC    	DJNZ R6, PC-4
0x0086	0x00      	NOP
;Runing_Light.c,21 :: 		}
0x0087	0x80BA    	SJMP L_main0
;Runing_Light.c,22 :: 		}
0x0089	0x80FE    	SJMP #254
; end of _main
Symbol List:
//** Routines locations **
//ADDRESS    SIZE    PROCEDURE
//----------------------------------------------
0x002E       [8]    ___CC2D
0x0036      [85]    _main
//** Variables locations ** 
//ADDRESS    SIZE    VARIABLE
//----------------------------------------------
0x0000       [1]    R0
0x0001       [1]    R1
0x0002       [1]    R2
0x0003       [1]    R3
0x0004       [1]    R4
0x0005       [1]    R5
0x0006       [1]    R6
0x0007       [1]    R7
0x0008       [0]    _directionFlag
0x0080       [1]    LEDS
0x0080       [1]    P0
0x0081       [1]    SP
0x0082       [1]    DPL
0x0083       [1]    DPH
0x00D0       [1]    PSW
0x00E0       [1]    ACC
0x00F0       [1]    B
//** Label List: ** 
//----------------------------------------------
  L_main0
  L_main1
  L_main2
  L_main3
  L_main4
  L_main5
  _main
  L__main6
  L__main7
  L__main8
  L__main9
  _CC2D_Loop1
  _CC2PD_Loop1
  _CC2XD_Loop1
  ___DoIFC
  ___CC2D
  ___CC2PD
  ___CC2XD
