;  LST file generated by mikroListExporter - v.2.0 
; Date/Time: 11/21/2016 3:10:52 AM
;----------------------------------------------

;Address Opcode 	ASM
0x0000	0x0200E0  	LJMP 224
0x0003	0x020000  	LJMP 0
0x0006	0x00      	NOP
0x0007	0x00      	NOP
0x0008	0x00      	NOP
0x0009	0x00      	NOP
0x000A	0x00      	NOP
0x000B	0x020000  	LJMP 0
0x000E	0x00      	NOP
0x000F	0x00      	NOP
0x0010	0x00      	NOP
0x0011	0x00      	NOP
0x0012	0x00      	NOP
0x0013	0x020000  	LJMP 0
0x0016	0x00      	NOP
0x0017	0x00      	NOP
0x0018	0x00      	NOP
0x0019	0x00      	NOP
0x001A	0x00      	NOP
0x001B	0x020000  	LJMP 0
0x001E	0x00      	NOP
0x001F	0x00      	NOP
0x0020	0x00      	NOP
0x0021	0x00      	NOP
0x0022	0x00      	NOP
0x0023	0x020000  	LJMP 0
0x0026	0x00      	NOP
0x0027	0x00      	NOP
0x0028	0x00      	NOP
0x0029	0x00      	NOP
0x002A	0x00      	NOP
0x002B	0x020000  	LJMP 0
_Div_16x16_U:
;__Lib_Math.c,273 :: 		
;__Lib_Math.c,275 :: 		
0x002E	0xBD000B  	CJNE R5, 0, __op2hi_not_zero
;__Lib_Math.c,276 :: 		
0x0031	0xB90029  	CJNE R1, 0, __op1hi_not_zero
;__Lib_Math.c,277 :: 		
0x0034	0xE8      	MOV A, R0
;__Lib_Math.c,278 :: 		
0x0035	0x8CF0    	MOV B, R4
;__Lib_Math.c,279 :: 		
0x0037	0x84      	DIV AB
;__Lib_Math.c,280 :: 		
0x0038	0xF8      	MOV R0, A
;__Lib_Math.c,281 :: 		
0x0039	0xACF0    	MOV R4, B
;__Lib_Math.c,282 :: 		
0x003B	0x22      	RET
;__Lib_Math.c,284 :: 		
__op2hi_not_zero:
;__Lib_Math.c,285 :: 		
0x003C	0xE4      	CLR A
;__Lib_Math.c,286 :: 		
0x003D	0xCD      	XCH A, R5
;__Lib_Math.c,287 :: 		
0x003E	0xFF      	MOV R7, A
;__Lib_Math.c,288 :: 		
0x003F	0x75F008  	MOV B, 8
;__Lib_Math.c,290 :: 		
__Div_16x16_U_Loop1:
;__Lib_Math.c,291 :: 		
0x0042	0xE8      	MOV A, R0
;__Lib_Math.c,292 :: 		
0x0043	0x28      	ADD A, R0
;__Lib_Math.c,293 :: 		
0x0044	0xF8      	MOV R0, A
;__Lib_Math.c,294 :: 		
0x0045	0xE9      	MOV A, R1
;__Lib_Math.c,295 :: 		
0x0046	0x33      	RLC A
;__Lib_Math.c,296 :: 		
0x0047	0xF9      	MOV R1, A
;__Lib_Math.c,297 :: 		
0x0048	0xED      	MOV A, R5
;__Lib_Math.c,298 :: 		
0x0049	0x33      	RLC A
;__Lib_Math.c,299 :: 		
0x004A	0xFD      	MOV R5, A
;__Lib_Math.c,300 :: 		
0x004B	0xE9      	MOV A, R1
;__Lib_Math.c,301 :: 		
0x004C	0x9C      	SUBB A, R4
;__Lib_Math.c,302 :: 		
0x004D	0xED      	MOV A, R5
;__Lib_Math.c,303 :: 		
0x004E	0x9F      	SUBB A, R7
;__Lib_Math.c,304 :: 		
0x004F	0x4005    	JC __Div_16x16_U_Lab1
;__Lib_Math.c,305 :: 		
0x0051	0xFD      	MOV R5, A
;__Lib_Math.c,306 :: 		
0x0052	0xE9      	MOV A, R1
;__Lib_Math.c,307 :: 		
0x0053	0x9C      	SUBB A, R4
;__Lib_Math.c,308 :: 		
0x0054	0xF9      	MOV R1, A
;__Lib_Math.c,309 :: 		
0x0055	0x08      	INC R0
;__Lib_Math.c,311 :: 		
__Div_16x16_U_Lab1:
;__Lib_Math.c,312 :: 		
0x0056	0xD5F0E9  	DJNZ B, __Div_16x16_U_Loop1
;__Lib_Math.c,313 :: 		
0x0059	0xE4      	CLR A
;__Lib_Math.c,314 :: 		
0x005A	0xC9      	XCH A, R1
;__Lib_Math.c,315 :: 		
0x005B	0xFC      	MOV R4, A
;__Lib_Math.c,316 :: 		
0x005C	0x22      	RET
;__Lib_Math.c,318 :: 		
__op1hi_not_zero:
;__Lib_Math.c,319 :: 		
0x005D	0xEC      	MOV A, R4
;__Lib_Math.c,320 :: 		
0x005E	0xFF      	MOV R7, A
;__Lib_Math.c,321 :: 		
0x005F	0xF5F0    	MOV B, A
;__Lib_Math.c,322 :: 		
0x0061	0xE9      	MOV A, R1
;__Lib_Math.c,323 :: 		
0x0062	0x84      	DIV AB
;__Lib_Math.c,324 :: 		
0x0063	0x20D21C  	JB OV_bit, __Div_16x16_U_div_ret
;__Lib_Math.c,325 :: 		
0x0066	0xF9      	MOV R1, A
;__Lib_Math.c,326 :: 		
0x0067	0xACF0    	MOV R4, B
;__Lib_Math.c,327 :: 		
0x0069	0x75F008  	MOV B, 8
;__Lib_Math.c,329 :: 		
__Div_16x16_U_Loop2:
;__Lib_Math.c,330 :: 		
0x006C	0xE8      	MOV A, R0
;__Lib_Math.c,331 :: 		
0x006D	0x28      	ADD A, R0
;__Lib_Math.c,332 :: 		
0x006E	0xF8      	MOV R0, A
;__Lib_Math.c,333 :: 		
0x006F	0xEC      	MOV A, R4
;__Lib_Math.c,334 :: 		
0x0070	0x33      	RLC A
;__Lib_Math.c,335 :: 		
0x0071	0xFC      	MOV R4, A
;__Lib_Math.c,336 :: 		
0x0072	0x4007    	JC __Div_16x16_U_Lab2
;__Lib_Math.c,337 :: 		
0x0074	0x9F      	SUBB A, R7
;__Lib_Math.c,338 :: 		
0x0075	0x5006    	JNC __Div_16x16_U_Lab3
;__Lib_Math.c,339 :: 		
0x0077	0xD5F0F2  	DJNZ B, __Div_16x16_U_Loop2
;__Lib_Math.c,340 :: 		
0x007A	0x22      	RET
;__Lib_Math.c,342 :: 		
__Div_16x16_U_Lab2:
;__Lib_Math.c,343 :: 		
0x007B	0xC3      	CLR C
;__Lib_Math.c,344 :: 		
0x007C	0x9F      	SUBB A, R7
;__Lib_Math.c,345 :: 		
__Div_16x16_U_Lab3:
;__Lib_Math.c,346 :: 		
0x007D	0xFC      	MOV R4, A
;__Lib_Math.c,347 :: 		
0x007E	0x08      	INC R0
;__Lib_Math.c,348 :: 		
0x007F	0xD5F0EA  	DJNZ B, __Div_16x16_U_Loop2
;__Lib_Math.c,350 :: 		
__Div_16x16_U_div_ret:
;__Lib_Math.c,352 :: 		
0x0082	0x22      	RET
; end of _Div_16x16_U
___CC2D:
;__Lib_System.c,13 :: 		
;__Lib_System.c,15 :: 		
_CC2D_Loop1:
;__Lib_System.c,16 :: 		
0x0083	0xE4      	CLR A
;__Lib_System.c,17 :: 		
0x0084	0x93      	MOVC A, @A+DPTR
;__Lib_System.c,18 :: 		
0x0085	0xF6      	MOV @R0, A
;__Lib_System.c,19 :: 		
0x0086	0x08      	INC R0
;__Lib_System.c,20 :: 		
0x0087	0xA3      	INC DPTR
;__Lib_System.c,21 :: 		
0x0088	0xD9F9    	DJNZ R1, _CC2D_Loop1
;__Lib_System.c,23 :: 		
0x008A	0x22      	RET
; end of ___CC2D
_Div_16x16_S:
;__Lib_Math.c,371 :: 		
;__Lib_Math.c,373 :: 		
0x008B	0xC2D5    	CLR F0_bit
;__Lib_Math.c,374 :: 		
0x008D	0xED      	MOV A, R5
;__Lib_Math.c,375 :: 		
0x008E	0x30E709  	JNB 231, __Div_16x16_S_op2hipositive
;__Lib_Math.c,376 :: 		
0x0091	0xB2D5    	CPL F0_bit
;__Lib_Math.c,377 :: 		
0x0093	0xE4      	CLR A
;__Lib_Math.c,378 :: 		
0x0094	0xC3      	CLR C
;__Lib_Math.c,379 :: 		
0x0095	0x9C      	SUBB A, R4
;__Lib_Math.c,380 :: 		
0x0096	0xFC      	MOV R4, A
;__Lib_Math.c,381 :: 		
0x0097	0xE4      	CLR A
;__Lib_Math.c,382 :: 		
0x0098	0x9D      	SUBB A, R5
;__Lib_Math.c,383 :: 		
0x0099	0xFD      	MOV R5, A
;__Lib_Math.c,385 :: 		
__Div_16x16_S_op2hipositive:
;__Lib_Math.c,386 :: 		
0x009A	0xE9      	MOV A, R1
;__Lib_Math.c,387 :: 		
0x009B	0x30E715  	JNB 231, __Div_16x16_S_op1hipositive
;__Lib_Math.c,388 :: 		
0x009E	0xB2D5    	CPL F0_bit
;__Lib_Math.c,389 :: 		
0x00A0	0xE4      	CLR A
;__Lib_Math.c,390 :: 		
0x00A1	0xC3      	CLR C
;__Lib_Math.c,391 :: 		
0x00A2	0x98      	SUBB A, R0
;__Lib_Math.c,392 :: 		
0x00A3	0xF8      	MOV R0, A
;__Lib_Math.c,393 :: 		
0x00A4	0xE4      	CLR A
;__Lib_Math.c,394 :: 		
0x00A5	0x99      	SUBB A, R1
;__Lib_Math.c,395 :: 		
0x00A6	0xF9      	MOV R1, A
;__Lib_Math.c,396 :: 		
0x00A7	0x12002E  	LCALL _Div_16x16_U
;__Lib_Math.c,397 :: 		
0x00AA	0xC3      	CLR C
;__Lib_Math.c,398 :: 		
0x00AB	0xE4      	CLR A
;__Lib_Math.c,399 :: 		
0x00AC	0x9C      	SUBB A, R4
;__Lib_Math.c,400 :: 		
0x00AD	0xFC      	MOV R4, A
;__Lib_Math.c,401 :: 		
0x00AE	0xE4      	CLR A
;__Lib_Math.c,402 :: 		
0x00AF	0x9D      	SUBB A, R5
;__Lib_Math.c,403 :: 		
0x00B0	0xFD      	MOV R5, A
;__Lib_Math.c,404 :: 		
0x00B1	0x8003    	SJMP __Div_16x16_S_Skip_Udiv
;__Lib_Math.c,406 :: 		
__Div_16x16_S_op1hipositive:
;__Lib_Math.c,407 :: 		
0x00B3	0x12002E  	LCALL _Div_16x16_U
;__Lib_Math.c,409 :: 		
__Div_16x16_S_Skip_Udiv:
;__Lib_Math.c,410 :: 		
0x00B6	0x30D507  	JNB F0_bit, __Div_16x16_S_div_ret
;__Lib_Math.c,411 :: 		
0x00B9	0xC3      	CLR C
;__Lib_Math.c,412 :: 		
0x00BA	0xE4      	CLR A
;__Lib_Math.c,413 :: 		
0x00BB	0x98      	SUBB A, R0
;__Lib_Math.c,414 :: 		
0x00BC	0xF8      	MOV R0, A
;__Lib_Math.c,415 :: 		
0x00BD	0xE4      	CLR A
;__Lib_Math.c,416 :: 		
0x00BE	0x99      	SUBB A, R1
;__Lib_Math.c,417 :: 		
0x00BF	0xF9      	MOV R1, A
;__Lib_Math.c,419 :: 		
__Div_16x16_S_div_ret:
;__Lib_Math.c,421 :: 		
0x00C0	0x22      	RET
; end of _Div_16x16_S
_InitMCU:
;Simple_Taster3.c,7 :: 		void InitMCU()
;Simple_Taster3.c,10 :: 		P0 = 0x01;
0x00C1	0x758001  	MOV P0, #1
;Simple_Taster3.c,12 :: 		TASTER = 1;
0x00C4	0xD3      	SETB C
0x00C5	0xE5B0    	MOV A, P3_2_bit
0x00C7	0x92E2    	MOV #224.B2, C
0x00C9	0xF5B0    	MOV P3_2_bit, A
;Simple_Taster3.c,14 :: 		buttonPress = 0;
0x00CB	0xC3      	CLR C
0x00CC	0xE508    	MOV A, _buttonPress
0x00CE	0x92E1    	MOV #224.B1, C
0x00D0	0xF508    	MOV _buttonPress, A
;Simple_Taster3.c,15 :: 		delay_option = 0;
0x00D2	0x750900  	MOV _delay_option, #0
0x00D5	0x750A00  	MOV _delay_option+1, #0
;Simple_Taster3.c,16 :: 		directionFlag = 1;
0x00D8	0xD3      	SETB C
0x00D9	0xE508    	MOV A, _directionFlag
0x00DB	0x92E0    	MOV #224.B0, C
0x00DD	0xF508    	MOV _directionFlag, A
;Simple_Taster3.c,17 :: 		}
0x00DF	0x22      	RET
; end of _InitMCU
_main:
0x00E0	0x758180  	MOV SP, #128
;Simple_Taster3.c,19 :: 		void main()
;Simple_Taster3.c,22 :: 		InitMCU();
0x00E3	0x11C1    	ACALL _InitMCU
;Simple_Taster3.c,23 :: 		while(1)
L_main0:
;Simple_Taster3.c,25 :: 		if(TASTER == 0)
0x00E5	0xE5B0    	MOV A, P3_2_bit
0x00E7	0x20E22C  	JB ACC.B2, L_main2
;Simple_Taster3.c,27 :: 		if (buttonPress == 0)
0x00EA	0xE508    	MOV A, _buttonPress
0x00EC	0x20E125  	JB ACC.B1, L_main3
;Simple_Taster3.c,29 :: 		delay_option = (delay_option++)%2;
0x00EF	0x7C02    	MOV R4, #2
0x00F1	0x7D00    	MOV R5, #0
0x00F3	0xA809    	MOV R0, _delay_option
0x00F5	0xA90A    	MOV R1, _delay_option+1
0x00F7	0x118B    	ACALL _Div_16x16_S
0x00F9	0xA804    	MOV R0, R4
0x00FB	0xA905    	MOV R1, R5
0x00FD	0x850009  	MOV _delay_option, 0
0x0100	0x85010A  	MOV _delay_option+1, 1
0x0103	0x7401    	MOV A, #1
0x0105	0x28      	ADD A, R0
0x0106	0xF509    	MOV _delay_option, A
0x0108	0x7400    	MOV A, #0
0x010A	0x39      	ADDC A, R1
0x010B	0xF50A    	MOV _delay_option+1, A
;Simple_Taster3.c,30 :: 		buttonPress = 1;
0x010D	0xD3      	SETB C
0x010E	0xE508    	MOV A, _buttonPress
0x0110	0x92E1    	MOV #224.B1, C
0x0112	0xF508    	MOV _buttonPress, A
;Simple_Taster3.c,31 :: 		}
L_main3:
;Simple_Taster3.c,32 :: 		}
0x0114	0x8007    	SJMP L_main4
L_main2:
;Simple_Taster3.c,35 :: 		buttonPress = 0;
0x0116	0xC3      	CLR C
0x0117	0xE508    	MOV A, _buttonPress
0x0119	0x92E1    	MOV #224.B1, C
0x011B	0xF508    	MOV _buttonPress, A
;Simple_Taster3.c,36 :: 		}
L_main4:
;Simple_Taster3.c,38 :: 		if (directionFlag)
0x011D	0xE508    	MOV A, _directionFlag
0x011F	0x30E00F  	JNB ACC, L_main5
;Simple_Taster3.c,40 :: 		LEDS = LEDS << 1;
0x0122	0x7801    	MOV R0, #1
0x0124	0xE580    	MOV A, P0
0x0126	0x08      	INC R0
0x0127	0x8002    	SJMP L__main14
L__main15:
0x0129	0xC3      	CLR C
0x012A	0x33      	RLC A
L__main14:
0x012B	0xD8FC    	DJNZ R0, L__main15
0x012D	0xF580    	MOV P0, A
;Simple_Taster3.c,41 :: 		}
0x012F	0x800D    	SJMP L_main6
L_main5:
;Simple_Taster3.c,44 :: 		LEDS = LEDS >> 1;
0x0131	0x7801    	MOV R0, #1
0x0133	0xE580    	MOV A, P0
0x0135	0x08      	INC R0
0x0136	0x8002    	SJMP L__main16
L__main17:
0x0138	0xC3      	CLR C
0x0139	0x13      	RRC A
L__main16:
0x013A	0xD8FC    	DJNZ R0, L__main17
0x013C	0xF580    	MOV P0, A
;Simple_Taster3.c,45 :: 		}
L_main6:
;Simple_Taster3.c,47 :: 		switch(delay_option)
0x013E	0x802A    	SJMP L_main7
;Simple_Taster3.c,49 :: 		case 0 : Delay_MS(250);
L_main9:
0x0140	0x7D02    	MOV R5, 2
0x0142	0x7E96    	MOV R6, 150
0x0144	0x7F4D    	MOV R7, 77
0x0146	0xDFFE    	DJNZ R7, PC-2
0x0148	0xDEFC    	DJNZ R6, PC-4
0x014A	0xDDFA    	DJNZ R5, PC-6
;Simple_Taster3.c,50 :: 		break;
0x014C	0x803A    	SJMP L_main8
;Simple_Taster3.c,51 :: 		case 1 : Delay_MS(500);
L_main10:
0x014E	0x7D04    	MOV R5, 4
0x0150	0x7E2B    	MOV R6, 43
0x0152	0x7F9D    	MOV R7, 157
0x0154	0xDFFE    	DJNZ R7, PC-2
0x0156	0xDEFC    	DJNZ R6, PC-4
0x0158	0xDDFA    	DJNZ R5, PC-6
;Simple_Taster3.c,52 :: 		break;
0x015A	0x802C    	SJMP L_main8
;Simple_Taster3.c,53 :: 		case 2 : Delay_MS(1000);
L_main11:
0x015C	0x7D07    	MOV R5, 7
0x015E	0x7E56    	MOV R6, 86
0x0160	0x7F3C    	MOV R7, 60
0x0162	0xDFFE    	DJNZ R7, PC-2
0x0164	0xDEFC    	DJNZ R6, PC-4
0x0166	0xDDFA    	DJNZ R5, PC-6
;Simple_Taster3.c,54 :: 		break;
0x0168	0x801E    	SJMP L_main8
;Simple_Taster3.c,55 :: 		}
L_main7:
0x016A	0xE509    	MOV A, _delay_option
0x016C	0x450A    	ORL A, _delay_option+1
0x016E	0x60D0    	JZ L_main9
0x0170	0x7401    	MOV A, #1
0x0172	0x6509    	XRL A, _delay_option
0x0174	0x7004    	JNZ L__main18
0x0176	0x7400    	MOV A, #0
0x0178	0x650A    	XRL A, _delay_option+1
L__main18:
0x017A	0x60D2    	JZ L_main10
0x017C	0x7402    	MOV A, #2
0x017E	0x6509    	XRL A, _delay_option
0x0180	0x7004    	JNZ L__main19
0x0182	0x7400    	MOV A, #0
0x0184	0x650A    	XRL A, _delay_option+1
L__main19:
0x0186	0x60D4    	JZ L_main11
L_main8:
;Simple_Taster3.c,57 :: 		if (LEDS == 0x80)
0x0188	0xE580    	MOV A, P0
0x018A	0x6480    	XRL A, #128
0x018C	0x7007    	JNZ L_main12
;Simple_Taster3.c,59 :: 		directionFlag = 0;
0x018E	0xC3      	CLR C
0x018F	0xE508    	MOV A, _directionFlag
0x0191	0x92E0    	MOV #224.B0, C
0x0193	0xF508    	MOV _directionFlag, A
;Simple_Taster3.c,60 :: 		}
L_main12:
;Simple_Taster3.c,61 :: 		if (LEDS == 0x01)
0x0195	0xE580    	MOV A, P0
0x0197	0x6401    	XRL A, #1
0x0199	0x7007    	JNZ L_main13
;Simple_Taster3.c,63 :: 		directionFlag = 1;
0x019B	0xD3      	SETB C
0x019C	0xE508    	MOV A, _directionFlag
0x019E	0x92E0    	MOV #224.B0, C
0x01A0	0xF508    	MOV _directionFlag, A
;Simple_Taster3.c,64 :: 		}
L_main13:
;Simple_Taster3.c,66 :: 		}
0x01A2	0x01E5    	AJMP L_main0
;Simple_Taster3.c,67 :: 		}
0x01A4	0x80FE    	SJMP #254
; end of _main
Symbol List:
//** Routines locations **
//ADDRESS    SIZE    PROCEDURE
//----------------------------------------------
0x002E      [85]    _Div_16x16_U
0x0083       [8]    ___CC2D
0x008B      [54]    _Div_16x16_S
0x00C1      [31]    _InitMCU
0x00E0     [198]    _main
//** Variables locations ** 
//ADDRESS    SIZE    VARIABLE
//----------------------------------------------
0x0000       [1]    R0
0x0001       [1]    R1
0x0002       [1]    R2
0x0003       [1]    R3
0x0004       [1]    R4
0x0005       [1]    R5
0x0006       [1]    R6
0x0007       [1]    R7
0x0008       [0]    _directionFlag
0x0008       [0]    _buttonPress
0x0009       [2]    _delay_option
0x0080       [1]    LEDS
0x0080       [1]    P0
0x0081       [1]    SP
0x0082       [1]    DPL
0x0083       [1]    DPH
0x00B0       [0]    TASTER
0x00B0       [0]    P3_2_bit
0x00D0       [0]    F0_bit
0x00D0       [0]    OV_bit
0x00D0       [1]    PSW
0x00E0       [1]    ACC
0x00F0       [1]    B
//** Label List: ** 
//----------------------------------------------
  L_main0
  L_main1
  L_main2
  L_main3
  L_main4
  L_main5
  L_main6
  L_main7
  L_main8
  L_main9
  L_main10
  L_main11
  L_main12
  L_main13
  _InitMCU
  _main
  L__main14
  L__main15
  L__main16
  L__main17
  L__main18
  L__main19
  lab_end
  loop_lab
  lab_end1
  lab_loop1
  lab_end2
  lab_loop3
  __Div_8x8_S_Bpositive
  __Div_8x8_S_Apositive
  __Div_8x8_S_Skip_Div
  __Div_8x8_S_div_ret
  __op2hi_not_zero
  __op1hi_not_zero
  __Div_16x16_U_Loop1
  __Div_16x16_U_Lab1
  __Div_16x16_U_div_ret
  __Div_16x16_U_Loop2
  __Div_16x16_U_Lab2
  __Div_16x16_U_Lab3
  __Div_16x16_S_op2hipositive
  __Div_16x16_S_op1hipositive
  __Div_16x16_S_Skip_Udiv
  __Div_16x16_S_div_ret
  __Div_32x32_U_start
  __Div_32x32_U_aux
  __Div_32x32_U_l2
  __Div_32x32_U_l1
  lw_1
  lw_2
  __Div_32x32_U_l3
  lw_3
  __Div_32x32_U_l4
  __Div_32x32_U_IR_l0
  __Div_32x32_U_l5
  __Div_32x32_U_l6
  __Div_32x32_U_l8
  __Div_32x32_U_l7
  __Div_32x32_U_IR_l1
  __Div_32x32_U_l10
  __Div_32x32_U_l9
  __Div_32x32_U_IR_l2
  __Div_32x32_S_l1
  __Div_32x32_S_call_uns
  __Div_32x32_S_l2
  __Div_32x32_S_l3
  __Div_32x32_S_div_ret
  __shl_long
  __shr_longint
  __shr_longword
  _Mul_16x16
  _Mul_32x32
  _Div_8x8_S
  _Div_16x16_U
  _Div_16x16_S
  _Div_32x32_U
  _Div_32x32_S
  _CC2D_Loop1
  _CC2PD_Loop1
  _CC2XD_Loop1
  ___DoIFC
  ___CC2D
  ___CC2PD
  ___CC2XD
