;  LST file generated by mikroListExporter - v.2.0 
; Date/Time: 11/21/2016 2:39:03 AM
;----------------------------------------------

;Address Opcode 	ASM
0x0000	0x020052  	LJMP 82
0x0003	0x020000  	LJMP 0
0x0006	0x00      	NOP
0x0007	0x00      	NOP
0x0008	0x00      	NOP
0x0009	0x00      	NOP
0x000A	0x00      	NOP
0x000B	0x020000  	LJMP 0
0x000E	0x00      	NOP
0x000F	0x00      	NOP
0x0010	0x00      	NOP
0x0011	0x00      	NOP
0x0012	0x00      	NOP
0x0013	0x020000  	LJMP 0
0x0016	0x00      	NOP
0x0017	0x00      	NOP
0x0018	0x00      	NOP
0x0019	0x00      	NOP
0x001A	0x00      	NOP
0x001B	0x020000  	LJMP 0
0x001E	0x00      	NOP
0x001F	0x00      	NOP
0x0020	0x00      	NOP
0x0021	0x00      	NOP
0x0022	0x00      	NOP
0x0023	0x020000  	LJMP 0
0x0026	0x00      	NOP
0x0027	0x00      	NOP
0x0028	0x00      	NOP
0x0029	0x00      	NOP
0x002A	0x00      	NOP
0x002B	0x020000  	LJMP 0
___CC2D:
;__Lib_System.c,13 :: 		
;__Lib_System.c,15 :: 		
_CC2D_Loop1:
;__Lib_System.c,16 :: 		
0x002E	0xE4      	CLR A
;__Lib_System.c,17 :: 		
0x002F	0x93      	MOVC A, @A+DPTR
;__Lib_System.c,18 :: 		
0x0030	0xF6      	MOV @R0, A
;__Lib_System.c,19 :: 		
0x0031	0x08      	INC R0
;__Lib_System.c,20 :: 		
0x0032	0xA3      	INC DPTR
;__Lib_System.c,21 :: 		
0x0033	0xD9F9    	DJNZ R1, _CC2D_Loop1
;__Lib_System.c,23 :: 		
0x0035	0x22      	RET
; end of ___CC2D
_InitMCU:
;Simple_Taster1.c,5 :: 		void InitMCU()
;Simple_Taster1.c,8 :: 		P0 = 0x00;
0x0036	0x758000  	MOV P0, #0
;Simple_Taster1.c,10 :: 		TASTER = 1;
0x0039	0xD3      	SETB C
0x003A	0xE5B0    	MOV A, P3_2_bit
0x003C	0x92E2    	MOV #224.B2, C
0x003E	0xF5B0    	MOV P3_2_bit, A
;Simple_Taster1.c,12 :: 		buttonPress = 0;
0x0040	0xC3      	CLR C
0x0041	0xE508    	MOV A, _buttonPress
0x0043	0x92E0    	MOV #224.B0, C
0x0045	0xF508    	MOV _buttonPress, A
;Simple_Taster1.c,14 :: 		LEDS = 0x01;
0x0047	0x758001  	MOV P0, #1
;Simple_Taster1.c,16 :: 		directionFlag = 1;
0x004A	0xD3      	SETB C
0x004B	0xE508    	MOV A, _directionFlag
0x004D	0x92E1    	MOV #224.B1, C
0x004F	0xF508    	MOV _directionFlag, A
;Simple_Taster1.c,17 :: 		}
0x0051	0x22      	RET
; end of _InitMCU
_main:
0x0052	0x758180  	MOV SP, #128
;Simple_Taster1.c,19 :: 		void main()
;Simple_Taster1.c,22 :: 		InitMCU();
0x0055	0x1136    	ACALL _InitMCU
;Simple_Taster1.c,23 :: 		while(1)
L_main0:
;Simple_Taster1.c,25 :: 		if(TASTER == 0)
0x0057	0xE5B0    	MOV A, P3_2_bit
0x0059	0x20E249  	JB ACC.B2, L_main2
;Simple_Taster1.c,27 :: 		if (buttonPress == 0)
0x005C	0xE508    	MOV A, _buttonPress
0x005E	0x20E042  	JB ACC, L_main3
;Simple_Taster1.c,29 :: 		if (directionFlag)
0x0061	0xE508    	MOV A, _directionFlag
0x0063	0x30E10F  	JNB ACC.B1, L_main4
;Simple_Taster1.c,30 :: 		LEDS = LEDS << 1;
0x0066	0x7801    	MOV R0, #1
0x0068	0xE580    	MOV A, P0
0x006A	0x08      	INC R0
0x006B	0x8002    	SJMP L__main9
L__main10:
0x006D	0xC3      	CLR C
0x006E	0x33      	RLC A
L__main9:
0x006F	0xD8FC    	DJNZ R0, L__main10
0x0071	0xF580    	MOV P0, A
0x0073	0x800D    	SJMP L_main5
L_main4:
;Simple_Taster1.c,32 :: 		LEDS = LEDS >> 1;
0x0075	0x7801    	MOV R0, #1
0x0077	0xE580    	MOV A, P0
0x0079	0x08      	INC R0
0x007A	0x8002    	SJMP L__main11
L__main12:
0x007C	0xC3      	CLR C
0x007D	0x13      	RRC A
L__main11:
0x007E	0xD8FC    	DJNZ R0, L__main12
0x0080	0xF580    	MOV P0, A
L_main5:
;Simple_Taster1.c,33 :: 		if (LEDS == 0x80)
0x0082	0xE580    	MOV A, P0
0x0084	0x6480    	XRL A, #128
0x0086	0x7007    	JNZ L_main6
;Simple_Taster1.c,34 :: 		directionFlag = 0;
0x0088	0xC3      	CLR C
0x0089	0xE508    	MOV A, _directionFlag
0x008B	0x92E1    	MOV #224.B1, C
0x008D	0xF508    	MOV _directionFlag, A
L_main6:
;Simple_Taster1.c,35 :: 		if (LEDS == 0x01)
0x008F	0xE580    	MOV A, P0
0x0091	0x6401    	XRL A, #1
0x0093	0x7007    	JNZ L_main7
;Simple_Taster1.c,36 :: 		directionFlag = 1;
0x0095	0xD3      	SETB C
0x0096	0xE508    	MOV A, _directionFlag
0x0098	0x92E1    	MOV #224.B1, C
0x009A	0xF508    	MOV _directionFlag, A
L_main7:
;Simple_Taster1.c,37 :: 		buttonPress = 1;
0x009C	0xD3      	SETB C
0x009D	0xE508    	MOV A, _buttonPress
0x009F	0x92E0    	MOV #224.B0, C
0x00A1	0xF508    	MOV _buttonPress, A
;Simple_Taster1.c,38 :: 		}
L_main3:
;Simple_Taster1.c,39 :: 		}
0x00A3	0x8007    	SJMP L_main8
L_main2:
;Simple_Taster1.c,42 :: 		buttonPress = 0;
0x00A5	0xC3      	CLR C
0x00A6	0xE508    	MOV A, _buttonPress
0x00A8	0x92E0    	MOV #224.B0, C
0x00AA	0xF508    	MOV _buttonPress, A
;Simple_Taster1.c,43 :: 		}
L_main8:
;Simple_Taster1.c,44 :: 		}
0x00AC	0x80A9    	SJMP L_main0
;Simple_Taster1.c,45 :: 		}
0x00AE	0x80FE    	SJMP #254
; end of _main
Symbol List:
//** Routines locations **
//ADDRESS    SIZE    PROCEDURE
//----------------------------------------------
0x002E       [8]    ___CC2D
0x0036      [28]    _InitMCU
0x0052      [94]    _main
//** Variables locations ** 
//ADDRESS    SIZE    VARIABLE
//----------------------------------------------
0x0000       [1]    R0
0x0001       [1]    R1
0x0002       [1]    R2
0x0003       [1]    R3
0x0004       [1]    R4
0x0005       [1]    R5
0x0006       [1]    R6
0x0007       [1]    R7
0x0008       [0]    _buttonPress
0x0008       [0]    _directionFlag
0x0080       [1]    LEDS
0x0080       [1]    P0
0x0081       [1]    SP
0x0082       [1]    DPL
0x0083       [1]    DPH
0x00B0       [0]    P3_2_bit
0x00B0       [0]    TASTER
0x00D0       [1]    PSW
0x00E0       [1]    ACC
0x00F0       [1]    B
//** Label List: ** 
//----------------------------------------------
  L_main0
  L_main1
  L_main2
  L_main3
  L_main4
  L_main5
  L_main6
  L_main7
  L_main8
  _InitMCU
  _main
  L__main9
  L__main10
  L__main11
  L__main12
  _CC2D_Loop1
  _CC2PD_Loop1
  _CC2XD_Loop1
  ___DoIFC
  ___CC2D
  ___CC2PD
  ___CC2XD
