;  LST file generated by mikroListExporter - v.2.0 
; Date/Time: 11/21/2016 4:26:45 AM
;----------------------------------------------

;Address Opcode 	ASM
0x0000	0x02009B  	LJMP 155
0x0003	0x020044  	LJMP 68
0x0006	0x00      	NOP
0x0007	0x00      	NOP
0x0008	0x00      	NOP
0x0009	0x00      	NOP
0x000A	0x00      	NOP
0x000B	0x020000  	LJMP 0
0x000E	0x00      	NOP
0x000F	0x00      	NOP
0x0010	0x00      	NOP
0x0011	0x00      	NOP
0x0012	0x00      	NOP
0x0013	0x02006F  	LJMP 111
0x0016	0x00      	NOP
0x0017	0x00      	NOP
0x0018	0x00      	NOP
0x0019	0x00      	NOP
0x001A	0x00      	NOP
0x001B	0x020000  	LJMP 0
0x001E	0x00      	NOP
0x001F	0x00      	NOP
0x0020	0x00      	NOP
0x0021	0x00      	NOP
0x0022	0x00      	NOP
0x0023	0x020000  	LJMP 0
0x0026	0x00      	NOP
0x0027	0x00      	NOP
0x0028	0x00      	NOP
0x0029	0x00      	NOP
0x002A	0x00      	NOP
0x002B	0x020000  	LJMP 0
___CC2D:
;__Lib_System.c,13 :: 		
;__Lib_System.c,15 :: 		
_CC2D_Loop1:
;__Lib_System.c,16 :: 		
0x002E	0xE4      	CLR A
;__Lib_System.c,17 :: 		
0x002F	0x93      	MOVC A, @A+DPTR
;__Lib_System.c,18 :: 		
0x0030	0xF6      	MOV @R0, A
;__Lib_System.c,19 :: 		
0x0031	0x08      	INC R0
;__Lib_System.c,20 :: 		
0x0032	0xA3      	INC DPTR
;__Lib_System.c,21 :: 		
0x0033	0xD9F9    	DJNZ R1, _CC2D_Loop1
;__Lib_System.c,23 :: 		
0x0035	0x22      	RET
; end of ___CC2D
_InitMCU:
;Simple_Interrupts.c,4 :: 		void InitMCU()
;Simple_Interrupts.c,6 :: 		P0 = 0xFF;
0x0036	0x7580FF  	MOV P0, #255
;Simple_Interrupts.c,8 :: 		count = 0;
0x0039	0x750800  	MOV _count, #0
;Simple_Interrupts.c,10 :: 		IT0_bit = 1;
0x003C	0xD288    	SETB IT0_bit
;Simple_Interrupts.c,11 :: 		IT1_bit = 1;
0x003E	0xD28A    	SETB IT1_bit
;Simple_Interrupts.c,13 :: 		IE = 0x85;
0x0040	0x75A885  	MOV IE, #133
;Simple_Interrupts.c,14 :: 		}
0x0043	0x22      	RET
; end of _InitMCU
_btn_up:
0x0044	0xC000    	PUSH R0
0x0046	0xC0D0    	PUSH PSW
0x0048	0xC0E0    	PUSH ACC
0x004A	0xC0F0    	PUSH B
0x004C	0xC082    	PUSH DP0L
0x004E	0xC083    	PUSH DP0H
;Simple_Interrupts.c,36 :: 		void btn_up() iv IVT_ADDR_EX0
;Simple_Interrupts.c,38 :: 		count++;
0x0050	0xE508    	MOV A, _count
0x0052	0x2401    	ADD A, #1
0x0054	0xF8      	MOV R0, A
0x0055	0x850008  	MOV _count, 0
;Simple_Interrupts.c,39 :: 		if(count > 2)
0x0058	0xD3      	SETB C
0x0059	0xE508    	MOV A, _count
0x005B	0x9402    	SUBB A, #2
0x005D	0x4003    	JC L_btn_up7
;Simple_Interrupts.c,41 :: 		count = 2;
0x005F	0x750802  	MOV _count, #2
;Simple_Interrupts.c,42 :: 		}
L_btn_up7:
;Simple_Interrupts.c,43 :: 		}
0x0062	0xD083    	POP DP0H
0x0064	0xD082    	POP DP0L
0x0066	0xD0F0    	POP B
0x0068	0xD0E0    	POP ACC
0x006A	0xD0D0    	POP PSW
0x006C	0xD000    	POP R0
0x006E	0x32      	RETI
; end of _btn_up
_btn_down:
0x006F	0xC000    	PUSH R0
0x0071	0xC0D0    	PUSH PSW
0x0073	0xC0E0    	PUSH ACC
0x0075	0xC0F0    	PUSH B
0x0077	0xC082    	PUSH DP0L
0x0079	0xC083    	PUSH DP0H
;Simple_Interrupts.c,45 :: 		void btn_down() iv IVT_ADDR_EX1 {
;Simple_Interrupts.c,46 :: 		count--;
0x007B	0xC3      	CLR C
0x007C	0xE508    	MOV A, _count
0x007E	0x9401    	SUBB A, #1
0x0080	0xF8      	MOV R0, A
0x0081	0x850008  	MOV _count, 0
;Simple_Interrupts.c,47 :: 		if(count <= 0)
0x0084	0xD3      	SETB C
0x0085	0xE508    	MOV A, _count
0x0087	0x9400    	SUBB A, #0
0x0089	0x5003    	JNC L_btn_down8
;Simple_Interrupts.c,49 :: 		count = 0;
0x008B	0x750800  	MOV _count, #0
;Simple_Interrupts.c,50 :: 		}
L_btn_down8:
;Simple_Interrupts.c,51 :: 		}
0x008E	0xD083    	POP DP0H
0x0090	0xD082    	POP DP0L
0x0092	0xD0F0    	POP B
0x0094	0xD0E0    	POP ACC
0x0096	0xD0D0    	POP PSW
0x0098	0xD000    	POP R0
0x009A	0x32      	RETI
; end of _btn_down
_main:
0x009B	0x758180  	MOV SP, #128
;Simple_Interrupts.c,16 :: 		void main()
;Simple_Interrupts.c,19 :: 		InitMCU();
0x009E	0x1136    	ACALL _InitMCU
;Simple_Interrupts.c,21 :: 		while(1)
L_main0:
;Simple_Interrupts.c,23 :: 		LEDS = ~LEDS;
0x00A0	0xA280    	MOV C, P0_0_bit
0x00A2	0xB3      	CPL C
0x00A3	0x9280    	MOV P0_0_bit, C
;Simple_Interrupts.c,24 :: 		switch(count)
0x00A5	0x802A    	SJMP L_main2
;Simple_Interrupts.c,26 :: 		case 0 : Delay_MS(250);
L_main4:
0x00A7	0x7D02    	MOV R5, 2
0x00A9	0x7E96    	MOV R6, 150
0x00AB	0x7F4D    	MOV R7, 77
0x00AD	0xDFFE    	DJNZ R7, PC-2
0x00AF	0xDEFC    	DJNZ R6, PC-4
0x00B1	0xDDFA    	DJNZ R5, PC-6
;Simple_Interrupts.c,27 :: 		break;
0x00B3	0x802C    	SJMP L_main3
;Simple_Interrupts.c,28 :: 		case 1 : Delay_MS(500);
L_main5:
0x00B5	0x7D04    	MOV R5, 4
0x00B7	0x7E2B    	MOV R6, 43
0x00B9	0x7F9D    	MOV R7, 157
0x00BB	0xDFFE    	DJNZ R7, PC-2
0x00BD	0xDEFC    	DJNZ R6, PC-4
0x00BF	0xDDFA    	DJNZ R5, PC-6
;Simple_Interrupts.c,29 :: 		break;
0x00C1	0x801E    	SJMP L_main3
;Simple_Interrupts.c,30 :: 		case 2 : Delay_MS(1000);
L_main6:
0x00C3	0x7D07    	MOV R5, 7
0x00C5	0x7E56    	MOV R6, 86
0x00C7	0x7F3C    	MOV R7, 60
0x00C9	0xDFFE    	DJNZ R7, PC-2
0x00CB	0xDEFC    	DJNZ R6, PC-4
0x00CD	0xDDFA    	DJNZ R5, PC-6
;Simple_Interrupts.c,31 :: 		break;
0x00CF	0x8010    	SJMP L_main3
;Simple_Interrupts.c,32 :: 		}
L_main2:
0x00D1	0xE508    	MOV A, _count
0x00D3	0x60D2    	JZ L_main4
0x00D5	0xE508    	MOV A, _count
0x00D7	0x6401    	XRL A, #1
0x00D9	0x60DA    	JZ L_main5
0x00DB	0xE508    	MOV A, _count
0x00DD	0x6402    	XRL A, #2
0x00DF	0x60E2    	JZ L_main6
L_main3:
;Simple_Interrupts.c,33 :: 		}
0x00E1	0x80BD    	SJMP L_main0
;Simple_Interrupts.c,34 :: 		}
0x00E3	0x80FE    	SJMP #254
; end of _main
Symbol List:
//** Routines locations **
//ADDRESS    SIZE    PROCEDURE
//----------------------------------------------
0x002E       [8]    ___CC2D
0x0036      [14]    _InitMCU
0x0044      [43]    _btn_up
0x006F      [44]    _btn_down
0x009B      [74]    _main
//** Variables locations ** 
//ADDRESS    SIZE    VARIABLE
//----------------------------------------------
0x0000       [1]    R0
0x0001       [1]    R1
0x0002       [1]    R2
0x0003       [1]    R3
0x0004       [1]    R4
0x0005       [1]    R5
0x0006       [1]    R6
0x0007       [1]    R7
0x0008       [1]    _count
0x0080       [0]    LEDS
0x0080       [0]    P0_0_bit
0x0080       [1]    P0
0x0081       [1]    SP
0x0082       [1]    DPL
0x0083       [1]    DPH
0x0088       [0]    IT0_bit
0x0088       [0]    IT1_bit
0x00A8       [1]    IE
0x00D0       [1]    PSW
0x00E0       [1]    ACC
0x00F0       [1]    B
//** Label List: ** 
//----------------------------------------------
  L_main0
  L_main1
  L_main2
  L_main3
  L_main4
  L_main5
  L_main6
  L_btn_up7
  L_btn_down8
  _InitMCU
  _main
  _btn_up
  _btn_down
  _CC2D_Loop1
  _CC2PD_Loop1
  _CC2XD_Loop1
  ___DoIFC
  ___CC2D
  ___CC2PD
  ___CC2XD
  L_main0
  L_main1
  L_main2
  L_main3
  L_main4
  L_main5
  L_main6
  L_btn_up7
  L_btn_down8
  _InitMCU
  _main
  _btn_up
  _btn_down
  L_main0
  L_main1
  L_main2
  L_main3
  L_main4
  L_main5
  L_main6
  L_btn_up7
  L_btn_down8
  _InitMCU
  _main
  _btn_up
  _btn_down
